2024-12-18 01:12:952 INFO  StartPage :21 - Click on '[[ChromeDriver: chrome on windows (fcca0a35cc0b2aecbaa8599f0cea47b4)] -> xpath: //a[@class='gem-c-button govuk-button govuk-button--start']]' tab
2024-12-18 01:12:91 INFO  SelectNationalityPage :27 - Click on '[[ChromeDriver: chrome on windows (fcca0a35cc0b2aecbaa8599f0cea47b4)] -> xpath: //select[@id='response']]' tab
2024-12-18 01:12:218 INFO  SelectNationalityPage :32 - Click on '[[ChromeDriver: chrome on windows (fcca0a35cc0b2aecbaa8599f0cea47b4)] -> xpath: //button[normalize-space()='Continue']]' tab
2024-12-18 01:12:472 INFO  ReasonForTravelPage :34 - Click on '[[ChromeDriver: chrome on windows (fcca0a35cc0b2aecbaa8599f0cea47b4)] -> xpath: //input[@value='tourism']]' tab
2024-12-18 01:12:649 INFO  ReasonForTravelPage :50 - Click on '[[ChromeDriver: chrome on windows (fcca0a35cc0b2aecbaa8599f0cea47b4)] -> xpath: //button[normalize-space()='Continue']]' tab
2024-12-18 01:12:699 INFO  ResultPage :28 - Click on '[[ChromeDriver: chrome on windows (fcca0a35cc0b2aecbaa8599f0cea47b4)] -> xpath: //h2[normalize-space()='You will not need a visa to come to the UK']]' tab
2024-12-18 01:12:923 INFO  StartPage :21 - Click on '[[ChromeDriver: chrome on windows (ed811638049dc203561db7dc775e2083)] -> xpath: //a[@class='gem-c-button govuk-button govuk-button--start']]' tab
2024-12-18 01:12:35 INFO  SelectNationalityPage :27 - Click on '[[ChromeDriver: chrome on windows (ed811638049dc203561db7dc775e2083)] -> xpath: //select[@id='response']]' tab
2024-12-18 01:12:178 INFO  SelectNationalityPage :32 - Click on '[[ChromeDriver: chrome on windows (ed811638049dc203561db7dc775e2083)] -> xpath: //button[normalize-space()='Continue']]' tab
2024-12-18 01:12:370 INFO  ReasonForTravelPage :34 - Click on '[[ChromeDriver: chrome on windows (ed811638049dc203561db7dc775e2083)] -> xpath: //input[@value='tourism']]' tab
2024-12-18 01:12:561 INFO  ReasonForTravelPage :50 - Click on '[[ChromeDriver: chrome on windows (ed811638049dc203561db7dc775e2083)] -> xpath: //button[normalize-space()='Continue']]' tab
2024-12-18 01:12:589 INFO  ResultPage :28 - Click on '[[ChromeDriver: chrome on windows (ed811638049dc203561db7dc775e2083)] -> xpath: //h2[normalize-space()='You will not need a visa to come to the UK']]' tab
2024-12-18 01:12:243 INFO  StartPage :21 - Click on '[[ChromeDriver: chrome on windows (dff4969fcf8a68cedee1cff3cc65257b)] -> xpath: //a[@class='gem-c-button govuk-button govuk-button--start']]' tab
2024-12-18 01:12:360 INFO  SelectNationalityPage :27 - Click on '[[ChromeDriver: chrome on windows (dff4969fcf8a68cedee1cff3cc65257b)] -> xpath: //select[@id='response']]' tab
2024-12-18 01:12:489 INFO  SelectNationalityPage :32 - Click on '[[ChromeDriver: chrome on windows (dff4969fcf8a68cedee1cff3cc65257b)] -> xpath: //button[normalize-space()='Continue']]' tab
2024-12-18 01:12:751 INFO  ReasonForTravelPage :34 - Click on '[[ChromeDriver: chrome on windows (dff4969fcf8a68cedee1cff3cc65257b)] -> xpath: //input[@value='tourism']]' tab
2024-12-18 01:12:862 INFO  ReasonForTravelPage :50 - Click on '[[ChromeDriver: chrome on windows (dff4969fcf8a68cedee1cff3cc65257b)] -> xpath: //button[normalize-space()='Continue']]' tab
2024-12-18 01:12:929 INFO  ResultPage :28 - Click on '[[ChromeDriver: chrome on windows (dff4969fcf8a68cedee1cff3cc65257b)] -> xpath: //h2[normalize-space()='You will not need a visa to come to the UK']]' tab
2024-12-18 01:12:52 INFO  StartPage :21 - Click on '[[ChromeDriver: chrome on windows (f0d4069a459b0208036e0c83070e2b1e)] -> xpath: //a[@class='gem-c-button govuk-button govuk-button--start']]' tab
2024-12-18 01:12:184 INFO  SelectNationalityPage :27 - Click on '[[ChromeDriver: chrome on windows (f0d4069a459b0208036e0c83070e2b1e)] -> xpath: //select[@id='response']]' tab
2024-12-18 01:12:236 INFO  StartPage :21 - Click on '[[ChromeDriver: chrome on windows (c157cf23d706ab53883f1251dd4f546b)] -> xpath: //a[@class='gem-c-button govuk-button govuk-button--start']]' tab
2024-12-18 01:12:330 INFO  SelectNationalityPage :27 - Click on '[[ChromeDriver: chrome on windows (c157cf23d706ab53883f1251dd4f546b)] -> xpath: //select[@id='response']]' tab
2024-12-18 01:12:717 INFO  SelectNationalityPage :32 - Click on '[[ChromeDriver: chrome on windows (c157cf23d706ab53883f1251dd4f546b)] -> xpath: //button[normalize-space()='Continue']]' tab
2024-12-18 01:12:903 INFO  ReasonForTravelPage :34 - Click on '[[ChromeDriver: chrome on windows (c157cf23d706ab53883f1251dd4f546b)] -> xpath: //input[@value='tourism']]' tab
2024-12-18 01:12:133 INFO  SelectNationalityPage :32 - Click on '[[ChromeDriver: chrome on windows (c157cf23d706ab53883f1251dd4f546b)] -> xpath: //button[normalize-space()='Continue']]' tab
2024-12-18 01:12:365 INFO  StartPage :21 - Click on '[[ChromeDriver: chrome on windows (505fb6a7ed5fb65774b1b1e580a6fc20)] -> xpath: //a[@class='gem-c-button govuk-button govuk-button--start']]' tab
2024-12-18 01:12:483 INFO  SelectNationalityPage :27 - Click on '[[ChromeDriver: chrome on windows (505fb6a7ed5fb65774b1b1e580a6fc20)] -> xpath: //select[@id='response']]' tab
2024-12-18 01:12:724 INFO  SelectNationalityPage :32 - Click on '[[ChromeDriver: chrome on windows (505fb6a7ed5fb65774b1b1e580a6fc20)] -> xpath: //button[normalize-space()='Continue']]' tab
2024-12-18 01:12:879 INFO  ReasonForTravelPage :34 - Click on '[[ChromeDriver: chrome on windows (505fb6a7ed5fb65774b1b1e580a6fc20)] -> xpath: //input[@value='tourism']]' tab
2024-12-18 01:12:67 INFO  ReasonForTravelPage :50 - Click on '[[ChromeDriver: chrome on windows (505fb6a7ed5fb65774b1b1e580a6fc20)] -> xpath: //button[normalize-space()='Continue']]' tab
2024-12-18 01:12:140 INFO  ResultPage :28 - Click on '[[ChromeDriver: chrome on windows (505fb6a7ed5fb65774b1b1e580a6fc20)] -> xpath: //h2[normalize-space()='You will not need a visa to come to the UK']]' tab
2024-12-18 01:12:932 INFO  StartPage :21 - Click on '[[ChromeDriver: chrome on windows (4dc5cff2ab15c1cc40b7c35babecad30)] -> xpath: //a[@class='gem-c-button govuk-button govuk-button--start']]' tab
2024-12-18 01:12:33 INFO  SelectNationalityPage :27 - Click on '[[ChromeDriver: chrome on windows (4dc5cff2ab15c1cc40b7c35babecad30)] -> xpath: //select[@id='response']]' tab
2024-12-18 01:12:247 INFO  SelectNationalityPage :32 - Click on '[[ChromeDriver: chrome on windows (4dc5cff2ab15c1cc40b7c35babecad30)] -> xpath: //button[normalize-space()='Continue']]' tab
2024-12-18 01:12:383 INFO  ReasonForTravelPage :34 - Click on '[[ChromeDriver: chrome on windows (4dc5cff2ab15c1cc40b7c35babecad30)] -> xpath: //input[@value='tourism']]' tab
2024-12-18 01:12:584 INFO  SelectNationalityPage :32 - Click on '[[ChromeDriver: chrome on windows (4dc5cff2ab15c1cc40b7c35babecad30)] -> xpath: //button[normalize-space()='Continue']]' tab
2024-12-18 01:12:888 INFO  StartPage :21 - Click on '[[ChromeDriver: chrome on windows (b9ace42da8f33b82fe5d3f83708301b0)] -> xpath: //a[@class='gem-c-button govuk-button govuk-button--start']]' tab
2024-12-18 01:12:22 INFO  SelectNationalityPage :27 - Click on '[[ChromeDriver: chrome on windows (b9ace42da8f33b82fe5d3f83708301b0)] -> xpath: //select[@id='response']]' tab
2024-12-18 01:12:376 INFO  SelectNationalityPage :32 - Click on '[[ChromeDriver: chrome on windows (b9ace42da8f33b82fe5d3f83708301b0)] -> xpath: //button[normalize-space()='Continue']]' tab
2024-12-18 01:12:478 INFO  ReasonForTravelPage :34 - Click on '[[ChromeDriver: chrome on windows (b9ace42da8f33b82fe5d3f83708301b0)] -> xpath: //input[@value='tourism']]' tab
2024-12-18 01:12:767 INFO  SelectNationalityPage :32 - Click on '[[ChromeDriver: chrome on windows (b9ace42da8f33b82fe5d3f83708301b0)] -> xpath: //button[normalize-space()='Continue']]' tab
2024-12-18 01:12:163 INFO  StartPage :21 - Click on '[[ChromeDriver: chrome on windows (82cee4b418642067b6189ce790ebb6cd)] -> xpath: //a[@class='gem-c-button govuk-button govuk-button--start']]' tab
2024-12-18 01:12:365 INFO  SelectNationalityPage :27 - Click on '[[ChromeDriver: chrome on windows (82cee4b418642067b6189ce790ebb6cd)] -> xpath: //select[@id='response']]' tab
2024-12-18 01:12:622 INFO  SelectNationalityPage :32 - Click on '[[ChromeDriver: chrome on windows (82cee4b418642067b6189ce790ebb6cd)] -> xpath: //button[normalize-space()='Continue']]' tab
2024-12-18 01:12:862 INFO  ReasonForTravelPage :34 - Click on '[[ChromeDriver: chrome on windows (82cee4b418642067b6189ce790ebb6cd)] -> xpath: //input[@value='tourism']]' tab
2024-12-18 01:12:130 INFO  SelectNationalityPage :32 - Click on '[[ChromeDriver: chrome on windows (82cee4b418642067b6189ce790ebb6cd)] -> xpath: //button[normalize-space()='Continue']]' tab
2024-12-18 01:12:504 INFO  StartPage :21 - Click on '[[ChromeDriver: chrome on windows (78283962388aef4a393b1add1c5c6243)] -> xpath: //a[@class='gem-c-button govuk-button govuk-button--start']]' tab
